0 verbose cli /usr/local/bin/node /usr/local/lib/node_modules/npm/bin/npm-cli.js
1 info using npm@11.6.2
2 info using node@v24.12.0
3 silly config load:file:/usr/local/lib/node_modules/npm/npmrc
4 silly config load:file:/Users/ilya/Desktop/AI-Experts/.npmrc
5 silly config load:file:/Users/ilya/.npmrc
6 silly config load:file:/usr/local/etc/npmrc
7 verbose title npm exec prisma generate
8 verbose argv "exec" "--" "prisma" "generate"
9 verbose logfile logs-max:10 dir:/Users/ilya/Desktop/AI-Experts/.local-npm-cache/_logs/2026-02-05T16_20_23_011Z-
10 verbose logfile /Users/ilya/Desktop/AI-Experts/.local-npm-cache/_logs/2026-02-05T16_20_23_011Z-debug-0.log
11 silly logfile done cleaning log files
12 silly packumentCache heap:4496293888 maxSize:1124073472 maxEntrySize:562036736
13 verbose shrinkwrap failed to load node_modules/.package-lock.json EPERM: operation not permitted, stat '/Users/ilya/Desktop/AI-Experts/node_modules'
14 http fetch GET 200 https://registry.npmjs.org/npm 200ms
15 http fetch GET 200 https://registry.npmjs.org/prisma 444ms (cache miss)
16 silly packumentCache heap:4496293888 maxSize:1124073472 maxEntrySize:562036736
17 silly packumentCache heap:4496293888 maxSize:1124073472 maxEntrySize:562036736
18 silly idealTree buildDeps
19 silly fetch manifest prisma@7.3.0
20 silly packumentCache full:https://registry.npmjs.org/prisma cache-miss
21 http fetch GET 200 https://registry.npmjs.org/prisma 657ms (cache miss)
22 silly packumentCache full:https://registry.npmjs.org/prisma set size:undefined disposed:false
23 silly placeDep ROOT prisma@7.3.0 OK for:  want: 7.3.0
24 silly fetch manifest mysql2@3.15.3
25 silly packumentCache full:https://registry.npmjs.org/mysql2 cache-miss
26 silly fetch manifest postgres@3.4.7
27 silly packumentCache full:https://registry.npmjs.org/postgres cache-miss
28 silly fetch manifest @prisma/dev@0.20.0
29 silly packumentCache full:https://registry.npmjs.org/@prisma%2fdev cache-miss
30 silly fetch manifest @prisma/config@7.3.0
31 silly packumentCache full:https://registry.npmjs.org/@prisma%2fconfig cache-miss
32 silly fetch manifest @prisma/engines@7.3.0
33 silly packumentCache full:https://registry.npmjs.org/@prisma%2fengines cache-miss
34 silly fetch manifest @prisma/studio-core@0.13.1
35 silly packumentCache full:https://registry.npmjs.org/@prisma%2fstudio-core cache-miss
36 http fetch GET 200 https://registry.npmjs.org/mysql2 59ms (cache miss)
37 silly packumentCache full:https://registry.npmjs.org/mysql2 set size:undefined disposed:false
38 http fetch GET 200 https://registry.npmjs.org/postgres 70ms (cache miss)
39 silly packumentCache full:https://registry.npmjs.org/postgres set size:undefined disposed:false
40 http fetch GET 200 https://registry.npmjs.org/@prisma%2fconfig 642ms (cache miss)
41 silly packumentCache full:https://registry.npmjs.org/@prisma%2fconfig set size:undefined disposed:false
42 http fetch GET 200 https://registry.npmjs.org/@prisma%2fstudio-core 699ms (cache miss)
43 silly packumentCache full:https://registry.npmjs.org/@prisma%2fstudio-core set size:undefined disposed:false
44 http fetch GET 200 https://registry.npmjs.org/@prisma%2fengines 888ms (cache miss)
45 silly packumentCache full:https://registry.npmjs.org/@prisma%2fengines set size:undefined disposed:false
46 http fetch GET 200 https://registry.npmjs.org/@prisma%2fdev 1027ms (cache miss)
47 silly packumentCache full:https://registry.npmjs.org/@prisma%2fdev set size:undefined disposed:false
48 silly placeDep ROOT @prisma/config@7.3.0 OK for: prisma@7.3.0 want: 7.3.0
49 silly placeDep ROOT @prisma/dev@0.20.0 OK for: prisma@7.3.0 want: 0.20.0
50 silly placeDep ROOT @prisma/engines@7.3.0 OK for: prisma@7.3.0 want: 7.3.0
51 silly placeDep ROOT @prisma/studio-core@0.13.1 OK for: prisma@7.3.0 want: 0.13.1
52 silly placeDep ROOT mysql2@3.15.3 OK for: prisma@7.3.0 want: 3.15.3
53 silly placeDep ROOT postgres@3.4.7 OK for: prisma@7.3.0 want: 3.4.7
54 silly fetch manifest c12@3.1.0
55 silly packumentCache full:https://registry.npmjs.org/c12 cache-miss
56 silly fetch manifest effect@3.18.4
57 silly packumentCache full:https://registry.npmjs.org/effect cache-miss
58 silly fetch manifest empathic@2.0.0
59 silly packumentCache full:https://registry.npmjs.org/empathic cache-miss
60 silly fetch manifest deepmerge-ts@7.1.5
61 silly packumentCache full:https://registry.npmjs.org/deepmerge-ts cache-miss
62 silly fetch manifest hono@4.11.4
63 silly packumentCache full:https://registry.npmjs.org/hono cache-miss
64 silly fetch manifest pathe@2.0.3
65 silly packumentCache full:https://registry.npmjs.org/pathe cache-miss
66 silly fetch manifest remeda@2.33.4
67 silly packumentCache full:https://registry.npmjs.org/remeda cache-miss
68 silly fetch manifest std-env@3.10.0
69 silly packumentCache full:https://registry.npmjs.org/std-env cache-miss
70 silly fetch manifest valibot@1.2.0
71 silly packumentCache full:https://registry.npmjs.org/valibot cache-miss
72 http fetch GET 200 https://registry.npmjs.org/pathe 44ms (cache miss)
73 silly packumentCache full:https://registry.npmjs.org/pathe set size:undefined disposed:false
74 silly fetch manifest zeptomatch@2.1.0
75 silly packumentCache full:https://registry.npmjs.org/zeptomatch cache-miss
76 http fetch GET 200 https://registry.npmjs.org/hono 78ms (cache miss)
77 silly packumentCache full:https://registry.npmjs.org/hono set size:undefined disposed:false
78 silly fetch manifest get-port-please@3.2.0
79 silly packumentCache full:https://registry.npmjs.org/get-port-please cache-miss
80 http fetch GET 200 https://registry.npmjs.org/std-env 109ms (cache miss)
81 silly packumentCache full:https://registry.npmjs.org/std-env set size:undefined disposed:false
82 silly fetch manifest proper-lockfile@4.1.2
83 silly packumentCache full:https://registry.npmjs.org/proper-lockfile cache-miss
84 http fetch GET 200 https://registry.npmjs.org/proper-lockfile 38ms (cache miss)
85 silly packumentCache full:https://registry.npmjs.org/proper-lockfile set size:undefined disposed:false
86 silly fetch manifest foreground-child@3.3.1
87 silly packumentCache full:https://registry.npmjs.org/foreground-child cache-miss
88 http fetch GET 200 https://registry.npmjs.org/foreground-child 29ms (cache miss)
89 silly packumentCache full:https://registry.npmjs.org/foreground-child set size:undefined disposed:false
90 silly fetch manifest @hono/node-server@1.19.9
91 silly packumentCache full:https://registry.npmjs.org/@hono%2fnode-server cache-miss
92 http fetch GET 200 https://registry.npmjs.org/c12 230ms (cache miss)
93 silly packumentCache full:https://registry.npmjs.org/c12 set size:undefined disposed:false
94 silly fetch manifest http-status-codes@2.3.0
95 silly packumentCache full:https://registry.npmjs.org/http-status-codes cache-miss
96 http fetch GET 200 https://registry.npmjs.org/deepmerge-ts 235ms (cache miss)
97 silly packumentCache full:https://registry.npmjs.org/deepmerge-ts set size:undefined disposed:false
98 silly fetch manifest @mrleebo/prisma-ast@0.13.1
99 silly packumentCache full:https://registry.npmjs.org/@mrleebo%2fprisma-ast cache-miss
100 http fetch GET 200 https://registry.npmjs.org/empathic 243ms (cache miss)
101 silly packumentCache full:https://registry.npmjs.org/empathic set size:undefined disposed:false
102 silly fetch manifest @electric-sql/pglite@0.3.15
103 silly packumentCache full:https://registry.npmjs.org/@electric-sql%2fpglite cache-miss
104 http fetch GET 200 https://registry.npmjs.org/zeptomatch 306ms (cache miss)
105 silly packumentCache full:https://registry.npmjs.org/zeptomatch set size:undefined disposed:false
106 silly fetch manifest @prisma/get-platform@7.2.0
107 silly packumentCache full:https://registry.npmjs.org/@prisma%2fget-platform cache-miss
108 http fetch GET 200 https://registry.npmjs.org/get-port-please 254ms (cache miss)
109 silly packumentCache full:https://registry.npmjs.org/get-port-please set size:undefined disposed:false
110 silly fetch manifest @electric-sql/pglite-tools@0.2.20
111 silly packumentCache full:https://registry.npmjs.org/@electric-sql%2fpglite-tools cache-miss
112 http fetch GET 200 https://registry.npmjs.org/valibot 367ms (cache miss)
113 silly packumentCache full:https://registry.npmjs.org/valibot set size:undefined disposed:false
114 silly fetch manifest @electric-sql/pglite-socket@0.0.20
115 silly packumentCache full:https://registry.npmjs.org/@electric-sql%2fpglite-socket cache-miss
116 http fetch GET 200 https://registry.npmjs.org/remeda 376ms (cache miss)
117 silly packumentCache full:https://registry.npmjs.org/remeda set size:undefined disposed:false
118 silly fetch manifest @prisma/query-plan-executor@7.2.0
119 silly packumentCache full:https://registry.npmjs.org/@prisma%2fquery-plan-executor cache-miss
120 http fetch GET 200 https://registry.npmjs.org/effect 413ms (cache miss)
121 silly packumentCache full:https://registry.npmjs.org/effect set size:undefined disposed:false
122 silly fetch manifest @prisma/debug@7.3.0
123 silly packumentCache full:https://registry.npmjs.org/@prisma%2fdebug cache-miss
124 http fetch GET 200 https://registry.npmjs.org/@electric-sql%2fpglite 232ms (cache miss)
125 silly packumentCache full:https://registry.npmjs.org/@electric-sql%2fpglite set size:undefined disposed:false
126 silly fetch manifest @prisma/fetch-engine@7.3.0
127 silly packumentCache full:https://registry.npmjs.org/@prisma%2ffetch-engine cache-miss
128 http fetch GET 200 https://registry.npmjs.org/http-status-codes 247ms (cache miss)
129 silly packumentCache full:https://registry.npmjs.org/http-status-codes set size:undefined disposed:false
130 silly fetch manifest @prisma/get-platform@7.3.0
131 silly packumentCache full:https://registry.npmjs.org/@prisma%2fget-platform cache-miss
132 http fetch GET 200 https://registry.npmjs.org/@hono%2fnode-server 515ms (cache miss)
133 silly packumentCache full:https://registry.npmjs.org/@hono%2fnode-server set size:undefined disposed:false
134 silly fetch manifest @prisma/engines-version@7.3.0-16.9d6ad21cbbceab97458517b147a6a09ff43aa735
135 silly packumentCache full:https://registry.npmjs.org/@prisma%2fengines-version cache-miss
136 http fetch GET 200 https://registry.npmjs.org/@mrleebo%2fprisma-ast 516ms (cache miss)
137 silly packumentCache full:https://registry.npmjs.org/@mrleebo%2fprisma-ast set size:undefined disposed:false
138 silly fetch manifest long@^5.2.1
139 silly packumentCache full:https://registry.npmjs.org/long cache-miss
140 http fetch GET 200 https://registry.npmjs.org/long 116ms (cache miss)
141 silly packumentCache full:https://registry.npmjs.org/long set size:undefined disposed:false
142 silly fetch manifest denque@^2.1.0
143 silly packumentCache full:https://registry.npmjs.org/denque cache-miss
144 http fetch GET 200 https://registry.npmjs.org/@electric-sql%2fpglite-tools 524ms (cache miss)
145 silly packumentCache full:https://registry.npmjs.org/@electric-sql%2fpglite-tools set size:undefined disposed:false
146 silly fetch manifest lru.min@^1.0.0
147 silly packumentCache full:https://registry.npmjs.org/lru.min cache-miss
148 http fetch GET 200 https://registry.npmjs.org/@electric-sql%2fpglite-socket 520ms (cache miss)
149 silly packumentCache full:https://registry.npmjs.org/@electric-sql%2fpglite-socket set size:undefined disposed:false
150 silly fetch manifest seq-queue@^0.0.5
151 silly packumentCache full:https://registry.npmjs.org/seq-queue cache-miss
152 http fetch GET 200 https://registry.npmjs.org/denque 37ms (cache miss)
153 silly packumentCache full:https://registry.npmjs.org/denque set size:undefined disposed:false
154 silly fetch manifest sqlstring@^2.3.2
155 silly packumentCache full:https://registry.npmjs.org/sqlstring cache-miss
156 http fetch GET 200 https://registry.npmjs.org/seq-queue 32ms (cache miss)
157 silly packumentCache full:https://registry.npmjs.org/seq-queue set size:undefined disposed:false
158 silly fetch manifest iconv-lite@^0.7.0
159 silly packumentCache full:https://registry.npmjs.org/iconv-lite cache-miss
160 http fetch GET 200 https://registry.npmjs.org/lru.min 37ms (cache miss)
161 silly packumentCache full:https://registry.npmjs.org/lru.min set size:undefined disposed:false
162 silly fetch manifest aws-ssl-profiles@^1.1.1
163 silly packumentCache full:https://registry.npmjs.org/aws-ssl-profiles cache-miss
164 http fetch GET 200 https://registry.npmjs.org/sqlstring 49ms (cache miss)
165 silly packumentCache full:https://registry.npmjs.org/sqlstring set size:undefined disposed:false
166 silly fetch manifest generate-function@^2.3.1
167 silly packumentCache full:https://registry.npmjs.org/generate-function cache-miss
168 http fetch GET 200 https://registry.npmjs.org/iconv-lite 56ms (cache miss)
169 silly packumentCache full:https://registry.npmjs.org/iconv-lite set size:undefined disposed:false
170 silly fetch manifest named-placeholders@^1.1.3
171 silly packumentCache full:https://registry.npmjs.org/named-placeholders cache-miss
172 http fetch GET 200 https://registry.npmjs.org/generate-function 36ms (cache miss)
173 silly packumentCache full:https://registry.npmjs.org/generate-function set size:undefined disposed:false
174 http fetch GET 200 https://registry.npmjs.org/aws-ssl-profiles 270ms (cache miss)
175 silly packumentCache full:https://registry.npmjs.org/aws-ssl-profiles set size:undefined disposed:false
176 http fetch GET 200 https://registry.npmjs.org/named-placeholders 254ms (cache miss)
177 silly packumentCache full:https://registry.npmjs.org/named-placeholders set size:undefined disposed:false
178 http fetch GET 200 https://registry.npmjs.org/@prisma%2fquery-plan-executor 1098ms (cache miss)
179 silly packumentCache full:https://registry.npmjs.org/@prisma%2fquery-plan-executor set size:undefined disposed:false
180 http fetch GET 200 https://registry.npmjs.org/@prisma%2fget-platform 1085ms (cache miss)
181 silly packumentCache full:https://registry.npmjs.org/@prisma%2fget-platform set size:undefined disposed:false
182 http fetch GET 200 https://registry.npmjs.org/@prisma%2fget-platform 1299ms (cache miss)
183 silly packumentCache full:https://registry.npmjs.org/@prisma%2fget-platform set size:undefined disposed:false
184 http fetch GET 200 https://registry.npmjs.org/@prisma%2fengines-version 1084ms (cache miss)
185 silly packumentCache full:https://registry.npmjs.org/@prisma%2fengines-version set size:undefined disposed:false
186 http fetch GET 200 https://registry.npmjs.org/@prisma%2fdebug 1409ms (cache miss)
187 silly packumentCache full:https://registry.npmjs.org/@prisma%2fdebug set size:undefined disposed:false
188 http fetch GET 200 https://registry.npmjs.org/@prisma%2ffetch-engine 1525ms (cache miss)
189 silly packumentCache full:https://registry.npmjs.org/@prisma%2ffetch-engine set size:undefined disposed:false
190 silly placeDep ROOT c12@3.1.0 OK for: @prisma/config@7.3.0 want: 3.1.0
191 silly placeDep ROOT deepmerge-ts@7.1.5 OK for: @prisma/config@7.3.0 want: 7.1.5
192 silly placeDep ROOT effect@3.18.4 OK for: @prisma/config@7.3.0 want: 3.18.4
193 silly placeDep ROOT empathic@2.0.0 OK for: @prisma/config@7.3.0 want: 2.0.0
194 silly fetch manifest rc9@^2.1.2
195 silly packumentCache full:https://registry.npmjs.org/rc9 cache-miss
196 silly fetch manifest defu@^6.1.4
197 silly packumentCache full:https://registry.npmjs.org/defu cache-miss
198 silly fetch manifest jiti@^2.4.2
199 silly packumentCache full:https://registry.npmjs.org/jiti cache-miss
200 silly fetch manifest giget@^2.0.0
201 silly packumentCache full:https://registry.npmjs.org/giget cache-miss
202 silly fetch manifest ohash@^2.0.11
203 silly packumentCache full:https://registry.npmjs.org/ohash cache-miss
204 silly fetch manifest pathe@^2.0.3
205 silly packumentCache full:https://registry.npmjs.org/pathe cache-miss
206 silly fetch manifest dotenv@^16.6.1
207 silly packumentCache full:https://registry.npmjs.org/dotenv cache-miss
208 silly fetch manifest confbox@^0.2.2
209 silly packumentCache full:https://registry.npmjs.org/confbox cache-miss
210 silly fetch manifest exsolve@^1.0.7
211 silly packumentCache full:https://registry.npmjs.org/exsolve cache-miss
212 http cache https://registry.npmjs.org/pathe 8ms (cache hit)
213 silly packumentCache full:https://registry.npmjs.org/pathe set size:68788 disposed:false
214 silly fetch manifest chokidar@^4.0.3
215 silly packumentCache full:https://registry.npmjs.org/chokidar cache-miss
216 http fetch GET 200 https://registry.npmjs.org/ohash 39ms (cache miss)
217 silly packumentCache full:https://registry.npmjs.org/ohash set size:undefined disposed:false
218 silly fetch manifest pkg-types@^2.2.0
219 silly packumentCache full:https://registry.npmjs.org/pkg-types cache-miss
220 http fetch GET 200 https://registry.npmjs.org/dotenv 39ms (cache miss)
221 silly packumentCache full:https://registry.npmjs.org/dotenv set size:undefined disposed:false
222 silly fetch manifest perfect-debounce@^1.0.0
223 silly packumentCache full:https://registry.npmjs.org/perfect-debounce cache-miss
224 http fetch GET 200 https://registry.npmjs.org/chokidar 41ms (cache miss)
225 silly packumentCache full:https://registry.npmjs.org/chokidar set size:undefined disposed:false
226 silly fetch manifest fast-check@^3.23.1
227 silly packumentCache full:https://registry.npmjs.org/fast-check cache-miss
228 http fetch GET 200 https://registry.npmjs.org/confbox 371ms (cache miss)
229 silly packumentCache full:https://registry.npmjs.org/confbox set size:undefined disposed:false
230 silly fetch manifest @standard-schema/spec@^1.0.0
231 silly packumentCache full:https://registry.npmjs.org/@standard-schema%2fspec cache-miss
232 http fetch GET 200 https://registry.npmjs.org/perfect-debounce 330ms (cache miss)
233 silly packumentCache full:https://registry.npmjs.org/perfect-debounce set size:undefined disposed:false
234 http fetch GET 200 https://registry.npmjs.org/exsolve 374ms (cache miss)
235 silly packumentCache full:https://registry.npmjs.org/exsolve set size:undefined disposed:false
236 http fetch GET 200 https://registry.npmjs.org/rc9 375ms (cache miss)
237 silly packumentCache full:https://registry.npmjs.org/rc9 set size:undefined disposed:false
238 http fetch GET 200 https://registry.npmjs.org/defu 377ms (cache miss)
239 silly packumentCache full:https://registry.npmjs.org/defu set size:undefined disposed:false
240 http fetch GET 200 https://registry.npmjs.org/pkg-types 339ms (cache miss)
241 silly packumentCache full:https://registry.npmjs.org/pkg-types set size:undefined disposed:false
242 http fetch GET 200 https://registry.npmjs.org/giget 380ms (cache miss)
243 silly packumentCache full:https://registry.npmjs.org/giget set size:undefined disposed:false
244 http fetch GET 200 https://registry.npmjs.org/jiti 387ms (cache miss)
245 silly packumentCache full:https://registry.npmjs.org/jiti set size:undefined disposed:false
246 http fetch GET 200 https://registry.npmjs.org/fast-check 345ms (cache miss)
247 silly packumentCache full:https://registry.npmjs.org/fast-check set size:undefined disposed:false
248 http fetch GET 200 https://registry.npmjs.org/@standard-schema%2fspec 38ms (cache miss)
249 silly packumentCache full:https://registry.npmjs.org/@standard-schema%2fspec set size:undefined disposed:false
250 silly placeDep ROOT @electric-sql/pglite@0.3.15 OK for: @prisma/dev@0.20.0 want: 0.3.15
251 silly placeDep ROOT @electric-sql/pglite-socket@0.0.20 OK for: @prisma/dev@0.20.0 want: 0.0.20
252 silly placeDep ROOT @electric-sql/pglite-tools@0.2.20 OK for: @prisma/dev@0.20.0 want: 0.2.20
253 silly placeDep ROOT @hono/node-server@1.19.9 OK for: @prisma/dev@0.20.0 want: 1.19.9
254 silly placeDep ROOT @mrleebo/prisma-ast@0.13.1 OK for: @prisma/dev@0.20.0 want: 0.13.1
255 silly placeDep ROOT @prisma/get-platform@7.2.0 OK for: @prisma/dev@0.20.0 want: 7.2.0
256 silly placeDep ROOT @prisma/query-plan-executor@7.2.0 OK for: @prisma/dev@0.20.0 want: 7.2.0
257 silly placeDep ROOT foreground-child@3.3.1 OK for: @prisma/dev@0.20.0 want: 3.3.1
258 silly placeDep ROOT get-port-please@3.2.0 OK for: @prisma/dev@0.20.0 want: 3.2.0
259 silly placeDep ROOT hono@4.11.4 OK for: @prisma/dev@0.20.0 want: 4.11.4
260 silly placeDep ROOT http-status-codes@2.3.0 OK for: @prisma/dev@0.20.0 want: 2.3.0
261 silly placeDep ROOT pathe@2.0.3 OK for: @prisma/dev@0.20.0 want: 2.0.3
262 silly placeDep ROOT proper-lockfile@4.1.2 OK for: @prisma/dev@0.20.0 want: 4.1.2
263 silly placeDep ROOT remeda@2.33.4 OK for: @prisma/dev@0.20.0 want: 2.33.4
264 silly placeDep ROOT std-env@3.10.0 OK for: @prisma/dev@0.20.0 want: 3.10.0
265 silly placeDep ROOT valibot@1.2.0 OK for: @prisma/dev@0.20.0 want: 1.2.0
266 silly placeDep ROOT zeptomatch@2.1.0 OK for: @prisma/dev@0.20.0 want: 2.1.0
267 silly fetch manifest chevrotain@^10.5.0
268 silly packumentCache full:https://registry.npmjs.org/chevrotain cache-miss
269 silly fetch manifest lilconfig@^2.1.0
270 silly packumentCache full:https://registry.npmjs.org/lilconfig cache-miss
271 silly fetch manifest @prisma/debug@7.2.0
272 silly packumentCache full:https://registry.npmjs.org/@prisma%2fdebug cache-miss
273 silly fetch manifest cross-spawn@^7.0.6
274 silly packumentCache full:https://registry.npmjs.org/cross-spawn cache-miss
275 silly fetch manifest signal-exit@^4.0.1
276 silly packumentCache full:https://registry.npmjs.org/signal-exit cache-miss
277 silly fetch manifest graceful-fs@^4.2.4
278 silly packumentCache full:https://registry.npmjs.org/graceful-fs cache-miss
279 silly fetch manifest retry@^0.12.0
280 silly packumentCache full:https://registry.npmjs.org/retry cache-miss
281 silly fetch manifest signal-exit@^3.0.2
282 silly packumentCache full:https://registry.npmjs.org/signal-exit cache-miss
283 silly fetch manifest grammex@^3.1.11
284 silly packumentCache full:https://registry.npmjs.org/grammex cache-miss
285 http cache https://registry.npmjs.org/@prisma%2fdebug 34ms (cache hit)
286 silly packumentCache full:https://registry.npmjs.org/@prisma%2fdebug set size:28339140 disposed:false
287 silly fetch manifest graphmatch@^1.1.0
288 silly packumentCache full:https://registry.npmjs.org/graphmatch cache-miss
289 http fetch GET 200 https://registry.npmjs.org/signal-exit 193ms (cache miss)
290 silly packumentCache full:https://registry.npmjs.org/signal-exit set size:undefined disposed:false
291 http fetch GET 200 https://registry.npmjs.org/signal-exit 193ms (cache miss)
292 silly packumentCache full:https://registry.npmjs.org/signal-exit set size:undefined disposed:false
293 http fetch GET 200 https://registry.npmjs.org/lilconfig 195ms (cache miss)
294 silly packumentCache full:https://registry.npmjs.org/lilconfig set size:undefined disposed:false
295 http fetch GET 200 https://registry.npmjs.org/cross-spawn 195ms (cache miss)
296 silly packumentCache full:https://registry.npmjs.org/cross-spawn set size:undefined disposed:false
297 http fetch GET 200 https://registry.npmjs.org/graceful-fs 196ms (cache miss)
298 silly packumentCache full:https://registry.npmjs.org/graceful-fs set size:undefined disposed:false
299 http fetch GET 200 https://registry.npmjs.org/chevrotain 234ms (cache miss)
300 silly packumentCache full:https://registry.npmjs.org/chevrotain set size:undefined disposed:false
301 http fetch GET 200 https://registry.npmjs.org/grammex 241ms (cache miss)
302 silly packumentCache full:https://registry.npmjs.org/grammex set size:undefined disposed:false
303 http fetch GET 200 https://registry.npmjs.org/retry 242ms (cache miss)
304 silly packumentCache full:https://registry.npmjs.org/retry set size:undefined disposed:false
305 http fetch GET 200 https://registry.npmjs.org/graphmatch 248ms (cache miss)
306 silly packumentCache full:https://registry.npmjs.org/graphmatch set size:undefined disposed:false
307 silly placeDep ROOT chevrotain@10.5.0 OK for: @mrleebo/prisma-ast@0.13.1 want: ^10.5.0
308 silly placeDep ROOT lilconfig@2.1.0 OK for: @mrleebo/prisma-ast@0.13.1 want: ^2.1.0
309 silly fetch manifest lodash@4.17.21
310 silly packumentCache full:https://registry.npmjs.org/lodash cache-miss
311 silly fetch manifest regexp-to-ast@0.5.0
312 silly packumentCache full:https://registry.npmjs.org/regexp-to-ast cache-miss
313 silly fetch manifest @chevrotain/gast@10.5.0
314 silly packumentCache full:https://registry.npmjs.org/@chevrotain%2fgast cache-miss
315 silly fetch manifest @chevrotain/types@10.5.0
316 silly packumentCache full:https://registry.npmjs.org/@chevrotain%2ftypes cache-miss
317 silly fetch manifest @chevrotain/utils@10.5.0
318 silly packumentCache full:https://registry.npmjs.org/@chevrotain%2futils cache-miss
319 silly fetch manifest @chevrotain/cst-dts-gen@10.5.0
320 silly packumentCache full:https://registry.npmjs.org/@chevrotain%2fcst-dts-gen cache-miss
321 http fetch GET 200 https://registry.npmjs.org/lodash 51ms (cache miss)
322 silly packumentCache full:https://registry.npmjs.org/lodash set size:undefined disposed:false
323 http fetch GET 200 https://registry.npmjs.org/regexp-to-ast 248ms (cache miss)
324 silly packumentCache full:https://registry.npmjs.org/regexp-to-ast set size:undefined disposed:false
325 http fetch GET 200 https://registry.npmjs.org/@chevrotain%2ftypes 519ms (cache miss)
326 silly packumentCache full:https://registry.npmjs.org/@chevrotain%2ftypes set size:undefined disposed:false
327 http fetch GET 200 https://registry.npmjs.org/@chevrotain%2fcst-dts-gen 523ms (cache miss)
328 silly packumentCache full:https://registry.npmjs.org/@chevrotain%2fcst-dts-gen set size:undefined disposed:false
329 http fetch GET 200 https://registry.npmjs.org/@chevrotain%2futils 526ms (cache miss)
330 silly packumentCache full:https://registry.npmjs.org/@chevrotain%2futils set size:undefined disposed:false
331 http fetch GET 200 https://registry.npmjs.org/@chevrotain%2fgast 539ms (cache miss)
332 silly packumentCache full:https://registry.npmjs.org/@chevrotain%2fgast set size:undefined disposed:false
333 silly placeDep ROOT @prisma/debug@7.3.0 OK for: @prisma/engines@7.3.0 want: 7.3.0
334 silly placeDep ROOT @prisma/engines-version@7.3.0-16.9d6ad21cbbceab97458517b147a6a09ff43aa735 OK for: @prisma/engines@7.3.0 want: 7.3.0-16.9d6ad21cbbceab97458517b147a6a09ff43aa735
335 silly placeDep ROOT @prisma/fetch-engine@7.3.0 OK for: @prisma/engines@7.3.0 want: 7.3.0
336 silly placeDep node_modules/@prisma/engines @prisma/get-platform@7.3.0 OK for: @prisma/engines@7.3.0 want: 7.3.0
337 silly placeDep node_modules/@prisma/fetch-engine @prisma/get-platform@7.3.0 OK for: @prisma/fetch-engine@7.3.0 want: 7.3.0
338 silly placeDep node_modules/@prisma/get-platform @prisma/debug@7.2.0 OK for: @prisma/get-platform@7.2.0 want: 7.2.0
339 silly placeDep ROOT chokidar@4.0.3 OK for: c12@3.1.0 want: ^4.0.3
340 silly placeDep ROOT confbox@0.2.2 OK for: c12@3.1.0 want: ^0.2.2
341 silly placeDep ROOT defu@6.1.4 OK for: c12@3.1.0 want: ^6.1.4
342 silly placeDep ROOT dotenv@16.6.1 OK for: c12@3.1.0 want: ^16.6.1
343 silly placeDep ROOT exsolve@1.0.8 OK for: c12@3.1.0 want: ^1.0.7
344 silly placeDep ROOT giget@2.0.0 OK for: c12@3.1.0 want: ^2.0.0
345 silly placeDep ROOT jiti@2.6.1 OK for: c12@3.1.0 want: ^2.4.2
346 silly placeDep ROOT ohash@2.0.11 OK for: c12@3.1.0 want: ^2.0.11
347 silly placeDep ROOT perfect-debounce@1.0.0 OK for: c12@3.1.0 want: ^1.0.0
348 silly placeDep ROOT pkg-types@2.3.0 OK for: c12@3.1.0 want: ^2.2.0
349 silly placeDep ROOT rc9@2.1.2 OK for: c12@3.1.0 want: ^2.1.2
350 silly fetch manifest readdirp@^4.0.1
351 silly packumentCache full:https://registry.npmjs.org/readdirp cache-miss
352 silly fetch manifest nypm@^0.6.0
353 silly packumentCache full:https://registry.npmjs.org/nypm cache-miss
354 silly fetch manifest citty@^0.1.6
355 silly packumentCache full:https://registry.npmjs.org/citty cache-miss
356 silly fetch manifest consola@^3.4.0
357 silly packumentCache full:https://registry.npmjs.org/consola cache-miss
358 silly fetch manifest node-fetch-native@^1.6.6
359 silly packumentCache full:https://registry.npmjs.org/node-fetch-native cache-miss
360 silly fetch manifest destr@^2.0.3
361 silly packumentCache full:https://registry.npmjs.org/destr cache-miss
362 http fetch GET 200 https://registry.npmjs.org/node-fetch-native 32ms (cache miss)
363 silly packumentCache full:https://registry.npmjs.org/node-fetch-native set size:undefined disposed:false
364 http fetch GET 200 https://registry.npmjs.org/consola 34ms (cache miss)
365 silly packumentCache full:https://registry.npmjs.org/consola set size:undefined disposed:false
366 http fetch GET 200 https://registry.npmjs.org/readdirp 43ms (cache miss)
367 silly packumentCache full:https://registry.npmjs.org/readdirp set size:undefined disposed:false
368 http fetch GET 200 https://registry.npmjs.org/destr 233ms (cache miss)
369 silly packumentCache full:https://registry.npmjs.org/destr set size:undefined disposed:false
370 http fetch GET 200 https://registry.npmjs.org/nypm 240ms (cache miss)
371 silly packumentCache full:https://registry.npmjs.org/nypm set size:undefined disposed:false
372 http fetch GET 200 https://registry.npmjs.org/citty 242ms (cache miss)
373 silly packumentCache full:https://registry.npmjs.org/citty set size:undefined disposed:false
374 silly placeDep ROOT @chevrotain/cst-dts-gen@10.5.0 OK for: chevrotain@10.5.0 want: 10.5.0
375 silly placeDep ROOT @chevrotain/gast@10.5.0 OK for: chevrotain@10.5.0 want: 10.5.0
376 silly placeDep ROOT @chevrotain/types@10.5.0 OK for: chevrotain@10.5.0 want: 10.5.0
377 silly placeDep ROOT @chevrotain/utils@10.5.0 OK for: chevrotain@10.5.0 want: 10.5.0
378 silly placeDep ROOT lodash@4.17.21 OK for: chevrotain@10.5.0 want: 4.17.21
379 silly placeDep ROOT regexp-to-ast@0.5.0 OK for: chevrotain@10.5.0 want: 0.5.0
380 silly placeDep ROOT readdirp@4.1.2 OK for: chokidar@4.0.3 want: ^4.0.1
381 silly placeDep ROOT @standard-schema/spec@1.1.0 OK for: effect@3.18.4 want: ^1.0.0
382 silly placeDep ROOT fast-check@3.23.2 OK for: effect@3.18.4 want: ^3.23.1
383 silly fetch manifest pure-rand@^6.1.0
384 silly packumentCache full:https://registry.npmjs.org/pure-rand cache-miss
385 http fetch GET 200 https://registry.npmjs.org/pure-rand 58ms (cache miss)
386 silly packumentCache full:https://registry.npmjs.org/pure-rand set size:undefined disposed:false
387 silly placeDep ROOT pure-rand@6.1.0 OK for: fast-check@3.23.2 want: ^6.1.0
388 silly placeDep ROOT cross-spawn@7.0.6 OK for: foreground-child@3.3.1 want: ^7.0.6
389 silly placeDep ROOT signal-exit@4.1.0 OK for: foreground-child@3.3.1 want: ^4.0.1
390 silly fetch manifest which@^2.0.1
391 silly packumentCache full:https://registry.npmjs.org/which cache-miss
392 silly fetch manifest path-key@^3.1.0
393 silly packumentCache full:https://registry.npmjs.org/path-key cache-miss
394 silly fetch manifest shebang-command@^2.0.0
395 silly packumentCache full:https://registry.npmjs.org/shebang-command cache-miss
396 http fetch GET 200 https://registry.npmjs.org/which 148ms (cache miss)
397 silly packumentCache full:https://registry.npmjs.org/which set size:undefined disposed:false
398 http fetch GET 200 https://registry.npmjs.org/shebang-command 148ms (cache miss)
399 silly packumentCache full:https://registry.npmjs.org/shebang-command set size:undefined disposed:false
400 http fetch GET 200 https://registry.npmjs.org/path-key 150ms (cache miss)
401 silly packumentCache full:https://registry.npmjs.org/path-key set size:undefined disposed:false
402 silly placeDep ROOT path-key@3.1.1 OK for: cross-spawn@7.0.6 want: ^3.1.0
403 silly placeDep ROOT shebang-command@2.0.0 OK for: cross-spawn@7.0.6 want: ^2.0.0
404 silly placeDep ROOT which@2.0.2 OK for: cross-spawn@7.0.6 want: ^2.0.1
405 silly fetch manifest shebang-regex@^3.0.0
406 silly packumentCache full:https://registry.npmjs.org/shebang-regex cache-miss
407 silly fetch manifest isexe@^2.0.0
408 silly packumentCache full:https://registry.npmjs.org/isexe cache-miss
409 http fetch GET 200 https://registry.npmjs.org/shebang-regex 33ms (cache miss)
410 silly packumentCache full:https://registry.npmjs.org/shebang-regex set size:undefined disposed:false
411 http fetch GET 200 https://registry.npmjs.org/isexe 40ms (cache miss)
412 silly packumentCache full:https://registry.npmjs.org/isexe set size:undefined disposed:false
413 silly placeDep ROOT citty@0.1.6 OK for: giget@2.0.0 want: ^0.1.6
414 silly placeDep ROOT consola@3.4.2 OK for: giget@2.0.0 want: ^3.4.0
415 silly placeDep ROOT node-fetch-native@1.6.7 OK for: giget@2.0.0 want: ^1.6.6
416 silly placeDep ROOT nypm@0.6.4 OK for: giget@2.0.0 want: ^0.6.0
417 silly fetch manifest consola@^3.2.3
418 silly packumentCache full:https://registry.npmjs.org/consola cache-miss
419 silly fetch manifest citty@^0.2.0
420 silly packumentCache full:https://registry.npmjs.org/citty cache-miss
421 silly fetch manifest tinyexec@^1.0.2
422 silly packumentCache full:https://registry.npmjs.org/tinyexec cache-miss
423 http cache https://registry.npmjs.org/citty 3ms (cache hit)
424 silly packumentCache full:https://registry.npmjs.org/citty set size:29428 disposed:false
425 http cache https://registry.npmjs.org/consola 4ms (cache hit)
426 silly packumentCache full:https://registry.npmjs.org/consola set size:324648 disposed:false
427 http fetch GET 200 https://registry.npmjs.org/tinyexec 38ms (cache miss)
428 silly packumentCache full:https://registry.npmjs.org/tinyexec set size:undefined disposed:false
429 silly placeDep ROOT aws-ssl-profiles@1.1.2 OK for: mysql2@3.15.3 want: ^1.1.1
430 silly placeDep ROOT denque@2.1.0 OK for: mysql2@3.15.3 want: ^2.1.0
431 silly placeDep ROOT generate-function@2.3.1 OK for: mysql2@3.15.3 want: ^2.3.1
432 silly placeDep ROOT iconv-lite@0.7.2 OK for: mysql2@3.15.3 want: ^0.7.0
433 silly placeDep ROOT long@5.3.2 OK for: mysql2@3.15.3 want: ^5.2.1
434 silly placeDep ROOT lru.min@1.1.4 OK for: mysql2@3.15.3 want: ^1.0.0
435 silly placeDep ROOT named-placeholders@1.1.6 OK for: mysql2@3.15.3 want: ^1.1.3
436 silly placeDep ROOT seq-queue@0.0.5 OK for: mysql2@3.15.3 want: ^0.0.5
437 silly placeDep ROOT sqlstring@2.3.3 OK for: mysql2@3.15.3 want: ^2.3.2
438 silly fetch manifest is-property@^1.0.2
439 silly packumentCache full:https://registry.npmjs.org/is-property cache-miss
440 silly fetch manifest safer-buffer@>= 2.1.2 < 3.0.0
441 silly packumentCache full:https://registry.npmjs.org/safer-buffer cache-miss
442 http fetch GET 200 https://registry.npmjs.org/is-property 28ms (cache miss)
443 silly packumentCache full:https://registry.npmjs.org/is-property set size:undefined disposed:false
444 http fetch GET 200 https://registry.npmjs.org/safer-buffer 31ms (cache miss)
445 silly packumentCache full:https://registry.npmjs.org/safer-buffer set size:undefined disposed:false
446 silly placeDep ROOT is-property@1.0.2 OK for: generate-function@2.3.1 want: ^1.0.2
447 silly placeDep ROOT safer-buffer@2.1.2 OK for: iconv-lite@0.7.2 want: >= 2.1.2 < 3.0.0
448 silly placeDep node_modules/nypm citty@0.2.0 OK for: nypm@0.6.4 want: ^0.2.0
449 silly placeDep ROOT tinyexec@1.0.2 OK for: nypm@0.6.4 want: ^1.0.2
450 silly placeDep ROOT graceful-fs@4.2.11 OK for: proper-lockfile@4.1.2 want: ^4.2.4
451 silly placeDep ROOT retry@0.12.0 OK for: proper-lockfile@4.1.2 want: ^0.12.0
452 silly placeDep node_modules/proper-lockfile signal-exit@3.0.7 OK for: proper-lockfile@4.1.2 want: ^3.0.2
453 silly placeDep ROOT destr@2.0.5 OK for: rc9@2.1.2 want: ^2.0.3
454 silly placeDep ROOT shebang-regex@3.0.0 OK for: shebang-command@2.0.0 want: ^3.0.0
455 silly placeDep ROOT isexe@2.0.0 OK for: which@2.0.2 want: ^2.0.0
456 silly placeDep ROOT grammex@3.1.12 OK for: zeptomatch@2.1.0 want: ^3.1.11
457 silly placeDep ROOT graphmatch@1.1.0 OK for: zeptomatch@2.1.0 want: ^1.1.0
458 silly reify moves {}
459 silly audit bulk request {
459 silly audit   prisma: [ '7.3.0' ],
459 silly audit   '@prisma/config': [ '7.3.0' ],
459 silly audit   '@prisma/dev': [ '0.20.0' ],
459 silly audit   '@prisma/engines': [ '7.3.0' ],
459 silly audit   '@prisma/studio-core': [ '0.13.1' ],
459 silly audit   mysql2: [ '3.15.3' ],
459 silly audit   postgres: [ '3.4.7' ],
459 silly audit   c12: [ '3.1.0' ],
459 silly audit   'deepmerge-ts': [ '7.1.5' ],
459 silly audit   effect: [ '3.18.4' ],
459 silly audit   empathic: [ '2.0.0' ],
459 silly audit   '@electric-sql/pglite': [ '0.3.15' ],
459 silly audit   '@electric-sql/pglite-socket': [ '0.0.20' ],
459 silly audit   '@electric-sql/pglite-tools': [ '0.2.20' ],
459 silly audit   '@hono/node-server': [ '1.19.9' ],
459 silly audit   '@mrleebo/prisma-ast': [ '0.13.1' ],
459 silly audit   '@prisma/get-platform': [ '7.2.0', '7.3.0' ],
459 silly audit   '@prisma/query-plan-executor': [ '7.2.0' ],
459 silly audit   'foreground-child': [ '3.3.1' ],
459 silly audit   'get-port-please': [ '3.2.0' ],
459 silly audit   hono: [ '4.11.4' ],
459 silly audit   'http-status-codes': [ '2.3.0' ],
459 silly audit   pathe: [ '2.0.3' ],
459 silly audit   'proper-lockfile': [ '4.1.2' ],
459 silly audit   remeda: [ '2.33.4' ],
459 silly audit   'std-env': [ '3.10.0' ],
459 silly audit   valibot: [ '1.2.0' ],
459 silly audit   zeptomatch: [ '2.1.0' ],
459 silly audit   chevrotain: [ '10.5.0' ],
459 silly audit   lilconfig: [ '2.1.0' ],
459 silly audit   '@prisma/debug': [ '7.3.0', '7.2.0' ],
459 silly audit   '@prisma/engines-version': [ '7.3.0-16.9d6ad21cbbceab97458517b147a6a09ff43aa735' ],
459 silly audit   '@prisma/fetch-engine': [ '7.3.0' ],
459 silly audit   chokidar: [ '4.0.3' ],
459 silly audit   confbox: [ '0.2.2' ],
459 silly audit   defu: [ '6.1.4' ],
459 silly audit   dotenv: [ '16.6.1' ],
459 silly audit   exsolve: [ '1.0.8' ],
459 silly audit   giget: [ '2.0.0' ],
459 silly audit   jiti: [ '2.6.1' ],
459 silly audit   ohash: [ '2.0.11' ],
459 silly audit   'perfect-debounce': [ '1.0.0' ],
459 silly audit   'pkg-types': [ '2.3.0' ],
459 silly audit   rc9: [ '2.1.2' ],
459 silly audit   '@chevrotain/cst-dts-gen': [ '10.5.0' ],
459 silly audit   '@chevrotain/gast': [ '10.5.0' ],
459 silly audit   '@chevrotain/types': [ '10.5.0' ],
459 silly audit   '@chevrotain/utils': [ '10.5.0' ],
459 silly audit   lodash: [ '4.17.21' ],
459 silly audit   'regexp-to-ast': [ '0.5.0' ],
459 silly audit   readdirp: [ '4.1.2' ],
459 silly audit   '@standard-schema/spec': [ '1.1.0' ],
459 silly audit   'fast-check': [ '3.23.2' ],
459 silly audit   'pure-rand': [ '6.1.0' ],
459 silly audit   'cross-spawn': [ '7.0.6' ],
459 silly audit   'signal-exit': [ '4.1.0', '3.0.7' ],
459 silly audit   'path-key': [ '3.1.1' ],
459 silly audit   'shebang-command': [ '2.0.0' ],
459 silly audit   which: [ '2.0.2' ],
459 silly audit   citty: [ '0.1.6', '0.2.0' ],
459 silly audit   consola: [ '3.4.2' ],
459 silly audit   'node-fetch-native': [ '1.6.7' ],
459 silly audit   nypm: [ '0.6.4' ],
459 silly audit   'aws-ssl-profiles': [ '1.1.2' ],
459 silly audit   denque: [ '2.1.0' ],
459 silly audit   'generate-function': [ '2.3.1' ],
459 silly audit   'iconv-lite': [ '0.7.2' ],
459 silly audit   long: [ '5.3.2' ],
459 silly audit   'lru.min': [ '1.1.4' ],
459 silly audit   'named-placeholders': [ '1.1.6' ],
459 silly audit   'seq-queue': [ '0.0.5' ],
459 silly audit   sqlstring: [ '2.3.3' ],
459 silly audit   'is-property': [ '1.0.2' ],
459 silly audit   'safer-buffer': [ '2.1.2' ],
459 silly audit   tinyexec: [ '1.0.2' ],
459 silly audit   'graceful-fs': [ '4.2.11' ],
459 silly audit   retry: [ '0.12.0' ],
459 silly audit   destr: [ '2.0.5' ],
459 silly audit   'shebang-regex': [ '3.0.0' ],
459 silly audit   isexe: [ '2.0.0' ],
459 silly audit   grammex: [ '3.1.12' ],
459 silly audit   graphmatch: [ '1.1.0' ]
459 silly audit }
460 http cache grammex@https://registry.npmjs.org/grammex/-/grammex-3.1.12.tgz 0ms (cache hit)
461 http cache graphmatch@https://registry.npmjs.org/graphmatch/-/graphmatch-1.1.0.tgz 0ms (cache hit)
462 http cache shebang-regex@https://registry.npmjs.org/shebang-regex/-/shebang-regex-3.0.0.tgz 0ms (cache hit)
463 http cache destr@https://registry.npmjs.org/destr/-/destr-2.0.5.tgz 0ms (cache hit)
464 http cache isexe@https://registry.npmjs.org/isexe/-/isexe-2.0.0.tgz 0ms (cache hit)
465 http cache graceful-fs@https://registry.npmjs.org/graceful-fs/-/graceful-fs-4.2.11.tgz 0ms (cache hit)
466 http cache retry@https://registry.npmjs.org/retry/-/retry-0.12.0.tgz 0ms (cache hit)
467 http cache tinyexec@https://registry.npmjs.org/tinyexec/-/tinyexec-1.0.2.tgz 0ms (cache hit)
468 http cache is-property@https://registry.npmjs.org/is-property/-/is-property-1.0.2.tgz 0ms (cache hit)
469 http cache seq-queue@https://registry.npmjs.org/seq-queue/-/seq-queue-0.0.5.tgz 0ms (cache hit)
470 http cache sqlstring@https://registry.npmjs.org/sqlstring/-/sqlstring-2.3.3.tgz 0ms (cache hit)
471 http cache named-placeholders@https://registry.npmjs.org/named-placeholders/-/named-placeholders-1.1.6.tgz 0ms (cache hit)
472 http cache lru.min@https://registry.npmjs.org/lru.min/-/lru.min-1.1.4.tgz 0ms (cache hit)
473 http cache long@https://registry.npmjs.org/long/-/long-5.3.2.tgz 0ms (cache hit)
474 http cache iconv-lite@https://registry.npmjs.org/iconv-lite/-/iconv-lite-0.7.2.tgz 0ms (cache hit)
475 http cache safer-buffer@https://registry.npmjs.org/safer-buffer/-/safer-buffer-2.1.2.tgz 0ms (cache hit)
476 http cache generate-function@https://registry.npmjs.org/generate-function/-/generate-function-2.3.1.tgz 0ms (cache hit)
477 http cache denque@https://registry.npmjs.org/denque/-/denque-2.1.0.tgz 0ms (cache hit)
478 http cache aws-ssl-profiles@https://registry.npmjs.org/aws-ssl-profiles/-/aws-ssl-profiles-1.1.2.tgz 0ms (cache hit)
479 http cache consola@https://registry.npmjs.org/consola/-/consola-3.4.2.tgz 0ms (cache hit)
480 http cache citty@https://registry.npmjs.org/citty/-/citty-0.1.6.tgz 0ms (cache hit)
481 http cache nypm@https://registry.npmjs.org/nypm/-/nypm-0.6.4.tgz 0ms (cache hit)
482 http cache node-fetch-native@https://registry.npmjs.org/node-fetch-native/-/node-fetch-native-1.6.7.tgz 0ms (cache hit)
483 http cache shebang-command@https://registry.npmjs.org/shebang-command/-/shebang-command-2.0.0.tgz 0ms (cache hit)
484 http cache path-key@https://registry.npmjs.org/path-key/-/path-key-3.1.1.tgz 0ms (cache hit)
485 http cache signal-exit@https://registry.npmjs.org/signal-exit/-/signal-exit-4.1.0.tgz 0ms (cache hit)
486 http cache cross-spawn@https://registry.npmjs.org/cross-spawn/-/cross-spawn-7.0.6.tgz 0ms (cache hit)
487 http cache @standard-schema/spec@https://registry.npmjs.org/@standard-schema/spec/-/spec-1.1.0.tgz 0ms (cache hit)
488 http cache pure-rand@https://registry.npmjs.org/pure-rand/-/pure-rand-6.1.0.tgz 0ms (cache hit)
489 http cache readdirp@https://registry.npmjs.org/readdirp/-/readdirp-4.1.2.tgz 0ms (cache hit)
490 http cache which@https://registry.npmjs.org/which/-/which-2.0.2.tgz 0ms (cache hit)
491 http cache regexp-to-ast@https://registry.npmjs.org/regexp-to-ast/-/regexp-to-ast-0.5.0.tgz 0ms (cache hit)
492 http cache fast-check@https://registry.npmjs.org/fast-check/-/fast-check-3.23.2.tgz 0ms (cache hit)
493 http cache @chevrotain/types@https://registry.npmjs.org/@chevrotain/types/-/types-10.5.0.tgz 0ms (cache hit)
494 http cache @chevrotain/gast@https://registry.npmjs.org/@chevrotain/gast/-/gast-10.5.0.tgz 0ms (cache hit)
495 http cache rc9@https://registry.npmjs.org/rc9/-/rc9-2.1.2.tgz 0ms (cache hit)
496 http cache @chevrotain/utils@https://registry.npmjs.org/@chevrotain/utils/-/utils-10.5.0.tgz 0ms (cache hit)
497 http cache lodash@https://registry.npmjs.org/lodash/-/lodash-4.17.21.tgz 0ms (cache hit)
498 http cache @chevrotain/cst-dts-gen@https://registry.npmjs.org/@chevrotain/cst-dts-gen/-/cst-dts-gen-10.5.0.tgz 0ms (cache hit)
499 http cache perfect-debounce@https://registry.npmjs.org/perfect-debounce/-/perfect-debounce-1.0.0.tgz 0ms (cache hit)
500 http cache ohash@https://registry.npmjs.org/ohash/-/ohash-2.0.11.tgz 0ms (cache hit)
501 http cache jiti@https://registry.npmjs.org/jiti/-/jiti-2.6.1.tgz 0ms (cache hit)
502 http cache exsolve@https://registry.npmjs.org/exsolve/-/exsolve-1.0.8.tgz 0ms (cache hit)
503 http cache giget@https://registry.npmjs.org/giget/-/giget-2.0.0.tgz 0ms (cache hit)
504 http cache defu@https://registry.npmjs.org/defu/-/defu-6.1.4.tgz 0ms (cache hit)
505 http cache confbox@https://registry.npmjs.org/confbox/-/confbox-0.2.2.tgz 0ms (cache hit)
506 http cache pkg-types@https://registry.npmjs.org/pkg-types/-/pkg-types-2.3.0.tgz 0ms (cache hit)
507 http cache chokidar@https://registry.npmjs.org/chokidar/-/chokidar-4.0.3.tgz 0ms (cache hit)
508 http cache @prisma/debug@https://registry.npmjs.org/@prisma/debug/-/debug-7.3.0.tgz 0ms (cache hit)
509 http cache lilconfig@https://registry.npmjs.org/lilconfig/-/lilconfig-2.1.0.tgz 0ms (cache hit)
510 http cache @prisma/fetch-engine@https://registry.npmjs.org/@prisma/fetch-engine/-/fetch-engine-7.3.0.tgz 0ms (cache hit)
511 http cache chevrotain@https://registry.npmjs.org/chevrotain/-/chevrotain-10.5.0.tgz 0ms (cache hit)
512 http cache @prisma/engines-version@https://registry.npmjs.org/@prisma/engines-version/-/engines-version-7.3.0-16.9d6ad21cbbceab97458517b147a6a09ff43aa735.tgz 0ms (cache hit)
513 http cache zeptomatch@https://registry.npmjs.org/zeptomatch/-/zeptomatch-2.1.0.tgz 0ms (cache hit)
514 http cache dotenv@https://registry.npmjs.org/dotenv/-/dotenv-16.6.1.tgz 0ms (cache hit)
515 http cache std-env@https://registry.npmjs.org/std-env/-/std-env-3.10.0.tgz 0ms (cache hit)
516 http cache remeda@https://registry.npmjs.org/remeda/-/remeda-2.33.4.tgz 0ms (cache hit)
517 http cache pathe@https://registry.npmjs.org/pathe/-/pathe-2.0.3.tgz 0ms (cache hit)
518 http cache proper-lockfile@https://registry.npmjs.org/proper-lockfile/-/proper-lockfile-4.1.2.tgz 0ms (cache hit)
519 http cache hono@https://registry.npmjs.org/hono/-/hono-4.11.4.tgz 0ms (cache hit)
520 http cache http-status-codes@https://registry.npmjs.org/http-status-codes/-/http-status-codes-2.3.0.tgz 0ms (cache hit)
521 http cache valibot@https://registry.npmjs.org/valibot/-/valibot-1.2.0.tgz 0ms (cache hit)
522 http cache foreground-child@https://registry.npmjs.org/foreground-child/-/foreground-child-3.3.1.tgz 0ms (cache hit)
523 http cache @prisma/query-plan-executor@https://registry.npmjs.org/@prisma/query-plan-executor/-/query-plan-executor-7.2.0.tgz 0ms (cache hit)
524 http cache @prisma/get-platform@https://registry.npmjs.org/@prisma/get-platform/-/get-platform-7.2.0.tgz 0ms (cache hit)
525 http cache @mrleebo/prisma-ast@https://registry.npmjs.org/@mrleebo/prisma-ast/-/prisma-ast-0.13.1.tgz 0ms (cache hit)
526 http cache get-port-please@https://registry.npmjs.org/get-port-please/-/get-port-please-3.2.0.tgz 0ms (cache hit)
527 http cache @hono/node-server@https://registry.npmjs.org/@hono/node-server/-/node-server-1.19.9.tgz 0ms (cache hit)
528 http cache @electric-sql/pglite-tools@https://registry.npmjs.org/@electric-sql/pglite-tools/-/pglite-tools-0.2.20.tgz 0ms (cache hit)
529 http cache empathic@https://registry.npmjs.org/empathic/-/empathic-2.0.0.tgz 0ms (cache hit)
530 http cache effect@https://registry.npmjs.org/effect/-/effect-3.18.4.tgz 0ms (cache hit)
531 http cache postgres@https://registry.npmjs.org/postgres/-/postgres-3.4.7.tgz 0ms (cache hit)
532 http cache @electric-sql/pglite-socket@https://registry.npmjs.org/@electric-sql/pglite-socket/-/pglite-socket-0.0.20.tgz 0ms (cache hit)
533 http cache deepmerge-ts@https://registry.npmjs.org/deepmerge-ts/-/deepmerge-ts-7.1.5.tgz 0ms (cache hit)
534 http cache c12@https://registry.npmjs.org/c12/-/c12-3.1.0.tgz 0ms (cache hit)
535 http cache mysql2@https://registry.npmjs.org/mysql2/-/mysql2-3.15.3.tgz 0ms (cache hit)
536 http cache @prisma/studio-core@https://registry.npmjs.org/@prisma/studio-core/-/studio-core-0.13.1.tgz 0ms (cache hit)
537 http cache @electric-sql/pglite@https://registry.npmjs.org/@electric-sql/pglite/-/pglite-0.3.15.tgz 0ms (cache hit)
538 http cache @prisma/engines@https://registry.npmjs.org/@prisma/engines/-/engines-7.3.0.tgz 0ms (cache hit)
539 http cache @prisma/dev@https://registry.npmjs.org/@prisma/dev/-/dev-0.20.0.tgz 0ms (cache hit)
540 http cache prisma@https://registry.npmjs.org/prisma/-/prisma-7.3.0.tgz 0ms (cache hit)
541 http cache @prisma/config@https://registry.npmjs.org/@prisma/config/-/config-7.3.0.tgz 0ms (cache hit)
542 http cache signal-exit@https://registry.npmjs.org/signal-exit/-/signal-exit-3.0.7.tgz 0ms (cache hit)
543 http cache @prisma/get-platform@https://registry.npmjs.org/@prisma/get-platform/-/get-platform-7.3.0.tgz 0ms (cache hit)
544 silly tarball no local data for grammex@https://registry.npmjs.org/grammex/-/grammex-3.1.12.tgz. Extracting by manifest.
545 silly tarball no local data for graphmatch@https://registry.npmjs.org/graphmatch/-/graphmatch-1.1.0.tgz. Extracting by manifest.
546 silly tarball no local data for shebang-regex@https://registry.npmjs.org/shebang-regex/-/shebang-regex-3.0.0.tgz. Extracting by manifest.
547 silly tarball no local data for destr@https://registry.npmjs.org/destr/-/destr-2.0.5.tgz. Extracting by manifest.
548 silly tarball no local data for isexe@https://registry.npmjs.org/isexe/-/isexe-2.0.0.tgz. Extracting by manifest.
549 silly tarball no local data for graceful-fs@https://registry.npmjs.org/graceful-fs/-/graceful-fs-4.2.11.tgz. Extracting by manifest.
550 silly tarball no local data for retry@https://registry.npmjs.org/retry/-/retry-0.12.0.tgz. Extracting by manifest.
551 silly tarball no local data for tinyexec@https://registry.npmjs.org/tinyexec/-/tinyexec-1.0.2.tgz. Extracting by manifest.
552 silly tarball no local data for is-property@https://registry.npmjs.org/is-property/-/is-property-1.0.2.tgz. Extracting by manifest.
553 silly tarball no local data for seq-queue@https://registry.npmjs.org/seq-queue/-/seq-queue-0.0.5.tgz. Extracting by manifest.
554 silly tarball no local data for sqlstring@https://registry.npmjs.org/sqlstring/-/sqlstring-2.3.3.tgz. Extracting by manifest.
555 silly tarball no local data for named-placeholders@https://registry.npmjs.org/named-placeholders/-/named-placeholders-1.1.6.tgz. Extracting by manifest.
556 silly tarball no local data for lru.min@https://registry.npmjs.org/lru.min/-/lru.min-1.1.4.tgz. Extracting by manifest.
557 silly tarball no local data for long@https://registry.npmjs.org/long/-/long-5.3.2.tgz. Extracting by manifest.
558 silly tarball no local data for iconv-lite@https://registry.npmjs.org/iconv-lite/-/iconv-lite-0.7.2.tgz. Extracting by manifest.
559 silly tarball no local data for safer-buffer@https://registry.npmjs.org/safer-buffer/-/safer-buffer-2.1.2.tgz. Extracting by manifest.
560 silly tarball no local data for generate-function@https://registry.npmjs.org/generate-function/-/generate-function-2.3.1.tgz. Extracting by manifest.
561 silly tarball no local data for denque@https://registry.npmjs.org/denque/-/denque-2.1.0.tgz. Extracting by manifest.
562 silly tarball no local data for aws-ssl-profiles@https://registry.npmjs.org/aws-ssl-profiles/-/aws-ssl-profiles-1.1.2.tgz. Extracting by manifest.
563 silly tarball no local data for consola@https://registry.npmjs.org/consola/-/consola-3.4.2.tgz. Extracting by manifest.
564 silly tarball no local data for citty@https://registry.npmjs.org/citty/-/citty-0.1.6.tgz. Extracting by manifest.
565 silly tarball no local data for nypm@https://registry.npmjs.org/nypm/-/nypm-0.6.4.tgz. Extracting by manifest.
566 silly tarball no local data for node-fetch-native@https://registry.npmjs.org/node-fetch-native/-/node-fetch-native-1.6.7.tgz. Extracting by manifest.
567 silly tarball no local data for shebang-command@https://registry.npmjs.org/shebang-command/-/shebang-command-2.0.0.tgz. Extracting by manifest.
568 silly tarball no local data for path-key@https://registry.npmjs.org/path-key/-/path-key-3.1.1.tgz. Extracting by manifest.
569 silly tarball no local data for signal-exit@https://registry.npmjs.org/signal-exit/-/signal-exit-4.1.0.tgz. Extracting by manifest.
570 silly tarball no local data for cross-spawn@https://registry.npmjs.org/cross-spawn/-/cross-spawn-7.0.6.tgz. Extracting by manifest.
571 silly tarball no local data for @standard-schema/spec@https://registry.npmjs.org/@standard-schema/spec/-/spec-1.1.0.tgz. Extracting by manifest.
572 silly tarball no local data for pure-rand@https://registry.npmjs.org/pure-rand/-/pure-rand-6.1.0.tgz. Extracting by manifest.
573 http cache @prisma/get-platform@https://registry.npmjs.org/@prisma/get-platform/-/get-platform-7.3.0.tgz 0ms (cache hit)
574 silly tarball no local data for readdirp@https://registry.npmjs.org/readdirp/-/readdirp-4.1.2.tgz. Extracting by manifest.
575 silly tarball no local data for which@https://registry.npmjs.org/which/-/which-2.0.2.tgz. Extracting by manifest.
576 silly tarball no local data for regexp-to-ast@https://registry.npmjs.org/regexp-to-ast/-/regexp-to-ast-0.5.0.tgz. Extracting by manifest.
577 silly tarball no local data for fast-check@https://registry.npmjs.org/fast-check/-/fast-check-3.23.2.tgz. Extracting by manifest.
578 silly tarball no local data for @chevrotain/types@https://registry.npmjs.org/@chevrotain/types/-/types-10.5.0.tgz. Extracting by manifest.
579 silly tarball no local data for @chevrotain/gast@https://registry.npmjs.org/@chevrotain/gast/-/gast-10.5.0.tgz. Extracting by manifest.
580 http cache citty@https://registry.npmjs.org/citty/-/citty-0.2.0.tgz 0ms (cache hit)
581 silly tarball no local data for rc9@https://registry.npmjs.org/rc9/-/rc9-2.1.2.tgz. Extracting by manifest.
582 silly tarball no local data for @chevrotain/utils@https://registry.npmjs.org/@chevrotain/utils/-/utils-10.5.0.tgz. Extracting by manifest.
583 http cache @prisma/debug@https://registry.npmjs.org/@prisma/debug/-/debug-7.2.0.tgz 0ms (cache hit)
584 silly tarball no local data for lodash@https://registry.npmjs.org/lodash/-/lodash-4.17.21.tgz. Extracting by manifest.
585 silly tarball no local data for @chevrotain/cst-dts-gen@https://registry.npmjs.org/@chevrotain/cst-dts-gen/-/cst-dts-gen-10.5.0.tgz. Extracting by manifest.
586 silly tarball no local data for perfect-debounce@https://registry.npmjs.org/perfect-debounce/-/perfect-debounce-1.0.0.tgz. Extracting by manifest.
587 silly tarball no local data for ohash@https://registry.npmjs.org/ohash/-/ohash-2.0.11.tgz. Extracting by manifest.
588 silly tarball no local data for jiti@https://registry.npmjs.org/jiti/-/jiti-2.6.1.tgz. Extracting by manifest.
589 silly tarball no local data for exsolve@https://registry.npmjs.org/exsolve/-/exsolve-1.0.8.tgz. Extracting by manifest.
590 silly tarball no local data for giget@https://registry.npmjs.org/giget/-/giget-2.0.0.tgz. Extracting by manifest.
591 silly tarball no local data for defu@https://registry.npmjs.org/defu/-/defu-6.1.4.tgz. Extracting by manifest.
592 silly tarball no local data for confbox@https://registry.npmjs.org/confbox/-/confbox-0.2.2.tgz. Extracting by manifest.
593 silly tarball no local data for pkg-types@https://registry.npmjs.org/pkg-types/-/pkg-types-2.3.0.tgz. Extracting by manifest.
594 silly tarball no local data for chokidar@https://registry.npmjs.org/chokidar/-/chokidar-4.0.3.tgz. Extracting by manifest.
595 silly tarball no local data for @prisma/debug@https://registry.npmjs.org/@prisma/debug/-/debug-7.3.0.tgz. Extracting by manifest.
596 silly tarball no local data for lilconfig@https://registry.npmjs.org/lilconfig/-/lilconfig-2.1.0.tgz. Extracting by manifest.
597 silly tarball no local data for @prisma/fetch-engine@https://registry.npmjs.org/@prisma/fetch-engine/-/fetch-engine-7.3.0.tgz. Extracting by manifest.
598 silly tarball no local data for chevrotain@https://registry.npmjs.org/chevrotain/-/chevrotain-10.5.0.tgz. Extracting by manifest.
599 silly tarball no local data for @prisma/engines-version@https://registry.npmjs.org/@prisma/engines-version/-/engines-version-7.3.0-16.9d6ad21cbbceab97458517b147a6a09ff43aa735.tgz. Extracting by manifest.
600 silly tarball no local data for zeptomatch@https://registry.npmjs.org/zeptomatch/-/zeptomatch-2.1.0.tgz. Extracting by manifest.
601 silly tarball no local data for dotenv@https://registry.npmjs.org/dotenv/-/dotenv-16.6.1.tgz. Extracting by manifest.
602 silly tarball no local data for std-env@https://registry.npmjs.org/std-env/-/std-env-3.10.0.tgz. Extracting by manifest.
603 silly tarball no local data for remeda@https://registry.npmjs.org/remeda/-/remeda-2.33.4.tgz. Extracting by manifest.
604 silly tarball no local data for pathe@https://registry.npmjs.org/pathe/-/pathe-2.0.3.tgz. Extracting by manifest.
605 silly tarball no local data for proper-lockfile@https://registry.npmjs.org/proper-lockfile/-/proper-lockfile-4.1.2.tgz. Extracting by manifest.
606 silly tarball no local data for hono@https://registry.npmjs.org/hono/-/hono-4.11.4.tgz. Extracting by manifest.
607 silly tarball no local data for http-status-codes@https://registry.npmjs.org/http-status-codes/-/http-status-codes-2.3.0.tgz. Extracting by manifest.
608 silly tarball no local data for valibot@https://registry.npmjs.org/valibot/-/valibot-1.2.0.tgz. Extracting by manifest.
609 silly tarball no local data for foreground-child@https://registry.npmjs.org/foreground-child/-/foreground-child-3.3.1.tgz. Extracting by manifest.
610 silly tarball no local data for @prisma/query-plan-executor@https://registry.npmjs.org/@prisma/query-plan-executor/-/query-plan-executor-7.2.0.tgz. Extracting by manifest.
611 silly tarball no local data for @prisma/get-platform@https://registry.npmjs.org/@prisma/get-platform/-/get-platform-7.2.0.tgz. Extracting by manifest.
612 silly tarball no local data for @mrleebo/prisma-ast@https://registry.npmjs.org/@mrleebo/prisma-ast/-/prisma-ast-0.13.1.tgz. Extracting by manifest.
613 silly tarball no local data for get-port-please@https://registry.npmjs.org/get-port-please/-/get-port-please-3.2.0.tgz. Extracting by manifest.
614 silly tarball no local data for @hono/node-server@https://registry.npmjs.org/@hono/node-server/-/node-server-1.19.9.tgz. Extracting by manifest.
615 silly tarball no local data for @electric-sql/pglite-tools@https://registry.npmjs.org/@electric-sql/pglite-tools/-/pglite-tools-0.2.20.tgz. Extracting by manifest.
616 silly tarball no local data for empathic@https://registry.npmjs.org/empathic/-/empathic-2.0.0.tgz. Extracting by manifest.
617 silly tarball no local data for effect@https://registry.npmjs.org/effect/-/effect-3.18.4.tgz. Extracting by manifest.
618 silly tarball no local data for postgres@https://registry.npmjs.org/postgres/-/postgres-3.4.7.tgz. Extracting by manifest.
619 silly tarball no local data for @electric-sql/pglite-socket@https://registry.npmjs.org/@electric-sql/pglite-socket/-/pglite-socket-0.0.20.tgz. Extracting by manifest.
620 silly tarball no local data for deepmerge-ts@https://registry.npmjs.org/deepmerge-ts/-/deepmerge-ts-7.1.5.tgz. Extracting by manifest.
621 silly tarball no local data for c12@https://registry.npmjs.org/c12/-/c12-3.1.0.tgz. Extracting by manifest.
622 silly tarball no local data for mysql2@https://registry.npmjs.org/mysql2/-/mysql2-3.15.3.tgz. Extracting by manifest.
623 silly tarball no local data for @prisma/studio-core@https://registry.npmjs.org/@prisma/studio-core/-/studio-core-0.13.1.tgz. Extracting by manifest.
624 silly tarball no local data for @electric-sql/pglite@https://registry.npmjs.org/@electric-sql/pglite/-/pglite-0.3.15.tgz. Extracting by manifest.
625 silly tarball no local data for @prisma/engines@https://registry.npmjs.org/@prisma/engines/-/engines-7.3.0.tgz. Extracting by manifest.
626 silly tarball no local data for @prisma/dev@https://registry.npmjs.org/@prisma/dev/-/dev-0.20.0.tgz. Extracting by manifest.
627 silly tarball no local data for prisma@https://registry.npmjs.org/prisma/-/prisma-7.3.0.tgz. Extracting by manifest.
628 silly tarball no local data for @prisma/config@https://registry.npmjs.org/@prisma/config/-/config-7.3.0.tgz. Extracting by manifest.
629 silly tarball no local data for signal-exit@https://registry.npmjs.org/signal-exit/-/signal-exit-3.0.7.tgz. Extracting by manifest.
630 silly tarball no local data for @prisma/get-platform@https://registry.npmjs.org/@prisma/get-platform/-/get-platform-7.3.0.tgz. Extracting by manifest.
631 silly tarball no local data for @prisma/get-platform@https://registry.npmjs.org/@prisma/get-platform/-/get-platform-7.3.0.tgz. Extracting by manifest.
632 silly tarball no local data for citty@https://registry.npmjs.org/citty/-/citty-0.2.0.tgz. Extracting by manifest.
633 silly tarball no local data for @prisma/debug@https://registry.npmjs.org/@prisma/debug/-/debug-7.2.0.tgz. Extracting by manifest.
634 http fetch GET 200 https://registry.npmjs.org/graphmatch/-/graphmatch-1.1.0.tgz 280ms (cache miss)
635 http fetch GET 200 https://registry.npmjs.org/tinyexec/-/tinyexec-1.0.2.tgz 281ms (cache miss)
636 http fetch GET 200 https://registry.npmjs.org/graceful-fs/-/graceful-fs-4.2.11.tgz 287ms (cache miss)
637 http fetch GET 200 https://registry.npmjs.org/destr/-/destr-2.0.5.tgz 288ms (cache miss)
638 http fetch GET 200 https://registry.npmjs.org/isexe/-/isexe-2.0.0.tgz 311ms (cache miss)
639 http fetch GET 200 https://registry.npmjs.org/safer-buffer/-/safer-buffer-2.1.2.tgz 310ms (cache miss)
640 http fetch GET 200 https://registry.npmjs.org/denque/-/denque-2.1.0.tgz 309ms (cache miss)
641 http fetch GET 200 https://registry.npmjs.org/grammex/-/grammex-3.1.12.tgz 317ms (cache miss)
642 http fetch GET 200 https://registry.npmjs.org/shebang-regex/-/shebang-regex-3.0.0.tgz 331ms (cache miss)
643 http fetch GET 200 https://registry.npmjs.org/generate-function/-/generate-function-2.3.1.tgz 327ms (cache miss)
644 http fetch GET 200 https://registry.npmjs.org/nypm/-/nypm-0.6.4.tgz 335ms (cache miss)
645 http fetch GET 200 https://registry.npmjs.org/citty/-/citty-0.1.6.tgz 350ms (cache miss)
646 http fetch GET 200 https://registry.npmjs.org/shebang-command/-/shebang-command-2.0.0.tgz 361ms (cache miss)
647 http fetch GET 200 https://registry.npmjs.org/path-key/-/path-key-3.1.1.tgz 361ms (cache miss)
648 http fetch GET 200 https://registry.npmjs.org/cross-spawn/-/cross-spawn-7.0.6.tgz 374ms (cache miss)
649 http fetch GET 200 https://registry.npmjs.org/@standard-schema/spec/-/spec-1.1.0.tgz 393ms (cache miss)
650 http fetch GET 200 https://registry.npmjs.org/named-placeholders/-/named-placeholders-1.1.6.tgz 396ms (cache miss)
651 http fetch GET 200 https://registry.npmjs.org/which/-/which-2.0.2.tgz 395ms (cache miss)
652 http fetch GET 200 https://registry.npmjs.org/is-property/-/is-property-1.0.2.tgz 412ms (cache miss)
653 http fetch GET 200 https://registry.npmjs.org/seq-queue/-/seq-queue-0.0.5.tgz 426ms (cache miss)
654 http fetch GET 200 https://registry.npmjs.org/regexp-to-ast/-/regexp-to-ast-0.5.0.tgz 426ms (cache miss)
655 http fetch GET 200 https://registry.npmjs.org/readdirp/-/readdirp-4.1.2.tgz 429ms (cache miss)
656 http fetch GET 200 https://registry.npmjs.org/sqlstring/-/sqlstring-2.3.3.tgz 490ms (cache miss)
657 http fetch GET 200 https://registry.npmjs.org/lru.min/-/lru.min-1.1.4.tgz 492ms (cache miss)
658 http fetch GET 200 https://registry.npmjs.org/rc9/-/rc9-2.1.2.tgz 506ms (cache miss)
659 http fetch GET 200 https://registry.npmjs.org/defu/-/defu-6.1.4.tgz 507ms (cache miss)
660 http fetch GET 200 https://registry.npmjs.org/pkg-types/-/pkg-types-2.3.0.tgz 507ms (cache miss)
661 http fetch GET 200 https://registry.npmjs.org/lilconfig/-/lilconfig-2.1.0.tgz 522ms (cache miss)
662 http fetch GET 200 https://registry.npmjs.org/perfect-debounce/-/perfect-debounce-1.0.0.tgz 526ms (cache miss)
663 http fetch POST 200 https://registry.npmjs.org/-/npm/v1/security/advisories/bulk 562ms
664 silly audit report {
664 silly audit report   hono: [
664 silly audit report     {
664 silly audit report       id: 1112644,
664 silly audit report       url: 'https://github.com/advisories/GHSA-9r54-q6cx-xmh5',
664 silly audit report       title: 'Hono vulnerable to XSS through ErrorBoundary component ',
664 silly audit report       severity: 'moderate',
664 silly audit report       vulnerable_versions: '<4.11.7',
664 silly audit report       cwe: [Array],
664 silly audit report       cvss: [Object]
664 silly audit report     },
664 silly audit report     {
664 silly audit report       id: 1112677,
664 silly audit report       url: 'https://github.com/advisories/GHSA-6wqw-2p9w-4vw4',
664 silly audit report       title: 'Hono cache middleware ignores "Cache-Control: private" leading to Web Cache Deception',
664 silly audit report       severity: 'moderate',
664 silly audit report       vulnerable_versions: '<4.11.7',
664 silly audit report       cwe: [Array],
664 silly audit report       cvss: [Object]
664 silly audit report     },
664 silly audit report     {
664 silly audit report       id: 1112678,
664 silly audit report       url: 'https://github.com/advisories/GHSA-r354-f388-2fhh',
664 silly audit report       title: 'Hono IPv4 address validation bypass in IP Restriction Middleware allows IP spoofing',
664 silly audit report       severity: 'moderate',
664 silly audit report       vulnerable_versions: '<4.11.7',
664 silly audit report       cwe: [Array],
664 silly audit report       cvss: [Object]
664 silly audit report     },
664 silly audit report     {
664 silly audit report       id: 1112911,
664 silly audit report       url: 'https://github.com/advisories/GHSA-w332-q679-j88p',
664 silly audit report       title: 'Hono has an Arbitrary Key Read in Serve static Middleware (Cloudflare Workers Adapter)',
664 silly audit report       severity: 'moderate',
664 silly audit report       vulnerable_versions: '<4.11.7',
664 silly audit report       cwe: [Array],
664 silly audit report       cvss: [Object]
664 silly audit report     }
664 silly audit report   ],
664 silly audit report   lodash: [
664 silly audit report     {
664 silly audit report       id: 1112455,
664 silly audit report       url: 'https://github.com/advisories/GHSA-xxjr-mmjv-4gpg',
664 silly audit report       title: 'Lodash has Prototype Pollution Vulnerability in `_.unset` and `_.omit` functions',
664 silly audit report       severity: 'moderate',
664 silly audit report       vulnerable_versions: '>=4.0.0 <=4.17.22',
664 silly audit report       cwe: [Array],
664 silly audit report       cvss: [Object]
664 silly audit report     }
664 silly audit report   ]
664 silly audit report }
665 silly packumentCache corgi:https://registry.npmjs.org/hono cache-miss
666 silly packumentCache corgi:https://registry.npmjs.org/lodash cache-miss
667 http fetch GET 200 https://registry.npmjs.org/retry/-/retry-0.12.0.tgz 543ms (cache miss)
668 http fetch GET 200 https://registry.npmjs.org/giget/-/giget-2.0.0.tgz 545ms (cache miss)
669 http fetch GET 200 https://registry.npmjs.org/proper-lockfile/-/proper-lockfile-4.1.2.tgz 549ms (cache miss)
670 http fetch GET 200 https://registry.npmjs.org/@chevrotain/types/-/types-10.5.0.tgz 573ms (cache miss)
671 http fetch GET 200 https://registry.npmjs.org/std-env/-/std-env-3.10.0.tgz 568ms (cache miss)
672 http fetch GET 200 https://registry.npmjs.org/exsolve/-/exsolve-1.0.8.tgz 573ms (cache miss)
673 http fetch GET 200 https://registry.npmjs.org/long/-/long-5.3.2.tgz 593ms (cache miss)
674 http fetch GET 200 https://registry.npmjs.org/empathic/-/empathic-2.0.0.tgz 585ms (cache miss)
675 http fetch GET 200 https://registry.npmjs.org/@chevrotain/cst-dts-gen/-/cst-dts-gen-10.5.0.tgz 600ms (cache miss)
676 http fetch GET 200 https://registry.npmjs.org/get-port-please/-/get-port-please-3.2.0.tgz 603ms (cache miss)
677 http fetch GET 200 https://registry.npmjs.org/dotenv/-/dotenv-16.6.1.tgz 617ms (cache miss)
678 http fetch GET 200 https://registry.npmjs.org/aws-ssl-profiles/-/aws-ssl-profiles-1.1.2.tgz 662ms (cache miss)
679 http fetch GET 200 https://registry.npmjs.org/@prisma/debug/-/debug-7.3.0.tgz 668ms (cache miss)
680 http fetch GET 200 https://registry.npmjs.org/c12/-/c12-3.1.0.tgz 698ms (cache miss)
681 http fetch GET 200 https://registry.npmjs.org/@prisma/engines-version/-/engines-version-7.3.0-16.9d6ad21cbbceab97458517b147a6a09ff43aa735.tgz 705ms (cache miss)
682 http fetch GET 200 https://registry.npmjs.org/signal-exit/-/signal-exit-3.0.7.tgz 706ms (cache miss)
683 http fetch GET 200 https://registry.npmjs.org/chokidar/-/chokidar-4.0.3.tgz 717ms (cache miss)
684 http fetch GET 200 https://registry.npmjs.org/citty/-/citty-0.2.0.tgz 667ms (cache miss)
685 http fetch GET 200 https://registry.npmjs.org/deepmerge-ts/-/deepmerge-ts-7.1.5.tgz 715ms (cache miss)
686 http fetch GET 200 https://registry.npmjs.org/ohash/-/ohash-2.0.11.tgz 729ms (cache miss)
687 http fetch GET 200 https://registry.npmjs.org/confbox/-/confbox-0.2.2.tgz 748ms (cache miss)
688 http fetch GET 200 https://registry.npmjs.org/@chevrotain/gast/-/gast-10.5.0.tgz 772ms (cache miss)
689 http fetch GET 200 https://registry.npmjs.org/pathe/-/pathe-2.0.3.tgz 803ms (cache miss)
690 http fetch GET 200 https://registry.npmjs.org/zeptomatch/-/zeptomatch-2.1.0.tgz 830ms (cache miss)
691 http fetch GET 200 https://registry.npmjs.org/iconv-lite/-/iconv-lite-0.7.2.tgz 843ms (cache miss)
692 http fetch GET 200 https://registry.npmjs.org/@chevrotain/utils/-/utils-10.5.0.tgz 844ms (cache miss)
693 http fetch GET 200 https://registry.npmjs.org/@prisma/config/-/config-7.3.0.tgz 866ms (cache miss)
694 http fetch GET 200 https://registry.npmjs.org/consola/-/consola-3.4.2.tgz 878ms (cache miss)
695 http fetch GET 200 https://registry.npmjs.org/lodash 344ms (cache miss)
696 silly packumentCache corgi:https://registry.npmjs.org/lodash set size:undefined disposed:false
697 http fetch GET 200 https://registry.npmjs.org/node-fetch-native/-/node-fetch-native-1.6.7.tgz 901ms (cache miss)
698 http fetch GET 200 https://registry.npmjs.org/signal-exit/-/signal-exit-4.1.0.tgz 900ms (cache miss)
699 http fetch GET 200 https://registry.npmjs.org/@prisma/engines/-/engines-7.3.0.tgz 905ms (cache miss)
700 http fetch GET 200 https://registry.npmjs.org/valibot/-/valibot-1.2.0.tgz 945ms (cache miss)
701 http fetch GET 200 https://registry.npmjs.org/@prisma/debug/-/debug-7.2.0.tgz 896ms (cache miss)
702 http fetch GET 200 https://registry.npmjs.org/jiti/-/jiti-2.6.1.tgz 958ms (cache miss)
703 http fetch GET 200 https://registry.npmjs.org/hono 454ms (cache miss)
704 silly packumentCache corgi:https://registry.npmjs.org/hono set size:undefined disposed:false
705 http fetch GET 200 https://registry.npmjs.org/http-status-codes/-/http-status-codes-2.3.0.tgz 1027ms (cache miss)
706 silly packumentCache corgi:https://registry.npmjs.org/@prisma%2fdev cache-miss
707 http fetch GET 200 https://registry.npmjs.org/@prisma/dev/-/dev-0.20.0.tgz 1039ms (cache miss)
708 http fetch GET 200 https://registry.npmjs.org/@mrleebo/prisma-ast/-/prisma-ast-0.13.1.tgz 1042ms (cache miss)
709 http fetch GET 200 https://registry.npmjs.org/postgres/-/postgres-3.4.7.tgz 1044ms (cache miss)
710 http fetch GET 200 https://registry.npmjs.org/foreground-child/-/foreground-child-3.3.1.tgz 1046ms (cache miss)
711 http fetch GET 200 https://registry.npmjs.org/@prisma/fetch-engine/-/fetch-engine-7.3.0.tgz 1057ms (cache miss)
712 http fetch GET 200 https://registry.npmjs.org/@hono/node-server/-/node-server-1.19.9.tgz 1093ms (cache miss)
713 http fetch GET 200 https://registry.npmjs.org/@electric-sql/pglite-socket/-/pglite-socket-0.0.20.tgz 1110ms (cache miss)
714 http fetch GET 200 https://registry.npmjs.org/@electric-sql/pglite-tools/-/pglite-tools-0.2.20.tgz 1127ms (cache miss)
715 http fetch GET 200 https://registry.npmjs.org/@prisma/get-platform/-/get-platform-7.2.0.tgz 1135ms (cache miss)
716 http fetch GET 200 https://registry.npmjs.org/@prisma/get-platform/-/get-platform-7.3.0.tgz 1140ms (cache miss)
717 http fetch GET 200 https://registry.npmjs.org/@prisma/get-platform/-/get-platform-7.3.0.tgz 1184ms (cache miss)
718 http fetch GET 200 https://registry.npmjs.org/@prisma/query-plan-executor/-/query-plan-executor-7.2.0.tgz 1236ms (cache miss)
719 http fetch GET 200 https://registry.npmjs.org/pure-rand/-/pure-rand-6.1.0.tgz 1278ms (cache miss)
720 http fetch GET 200 https://registry.npmjs.org/mysql2/-/mysql2-3.15.3.tgz 1385ms (cache miss)
721 http fetch GET 200 https://registry.npmjs.org/@prisma%2fdev 531ms (cache miss)
722 silly packumentCache corgi:https://registry.npmjs.org/@prisma%2fdev set size:undefined disposed:false
723 silly packumentCache corgi:https://registry.npmjs.org/chevrotain cache-miss
724 silly packumentCache corgi:https://registry.npmjs.org/@chevrotain%2fcst-dts-gen cache-miss
725 silly packumentCache corgi:https://registry.npmjs.org/@chevrotain%2fgast cache-miss
726 http fetch GET 200 https://registry.npmjs.org/chevrotain/-/chevrotain-10.5.0.tgz 1732ms (cache miss)
727 http fetch GET 200 https://registry.npmjs.org/chevrotain 246ms (cache miss)
728 silly packumentCache corgi:https://registry.npmjs.org/chevrotain set size:undefined disposed:false
729 http fetch GET 200 https://registry.npmjs.org/@chevrotain%2fcst-dts-gen 463ms (cache miss)
730 silly packumentCache corgi:https://registry.npmjs.org/@chevrotain%2fcst-dts-gen set size:undefined disposed:false
731 http fetch GET 200 https://registry.npmjs.org/lodash/-/lodash-4.17.21.tgz 2098ms (cache miss)
732 http fetch GET 200 https://registry.npmjs.org/@chevrotain%2fgast 480ms (cache miss)
733 silly packumentCache corgi:https://registry.npmjs.org/@chevrotain%2fgast set size:undefined disposed:false
734 silly packumentCache corgi:https://registry.npmjs.org/prisma cache-miss
735 http cache https://registry.npmjs.org/prisma 52ms (cache hit)
736 silly packumentCache corgi:https://registry.npmjs.org/prisma set size:22396962 disposed:false
737 silly packumentCache corgi:https://registry.npmjs.org/@mrleebo%2fprisma-ast cache-miss
738 http fetch GET 200 https://registry.npmjs.org/@prisma/studio-core/-/studio-core-0.13.1.tgz 2684ms (cache miss)
739 http fetch GET 200 https://registry.npmjs.org/remeda/-/remeda-2.33.4.tgz 2706ms (cache miss)
740 http fetch GET 200 https://registry.npmjs.org/prisma/-/prisma-7.3.0.tgz 2810ms (cache miss)
741 http fetch GET 200 https://registry.npmjs.org/@electric-sql/pglite/-/pglite-0.3.15.tgz 2896ms (cache miss)
742 http fetch GET 200 https://registry.npmjs.org/hono/-/hono-4.11.4.tgz 3012ms (cache miss)
743 http fetch GET 200 https://registry.npmjs.org/@mrleebo%2fprisma-ast 451ms (cache miss)
744 silly packumentCache corgi:https://registry.npmjs.org/@mrleebo%2fprisma-ast set size:undefined disposed:false
745 http fetch GET 200 https://registry.npmjs.org/fast-check/-/fast-check-3.23.2.tgz 3511ms (cache miss)
746 http fetch GET 200 https://registry.npmjs.org/effect/-/effect-3.18.4.tgz 5396ms (cache miss)
747 info run prisma@7.3.0 preinstall node_modules/prisma node scripts/preinstall-entry.js
748 info run prisma@7.3.0 preinstall { code: 0, signal: null }
749 info run @prisma/engines@7.3.0 postinstall node_modules/@prisma/engines node scripts/postinstall.js
750 info run @prisma/engines@7.3.0 postinstall { code: 0, signal: null }
751 verbose cwd /Users/ilya/Desktop/AI-Experts
752 verbose os Darwin 25.2.0
753 verbose node v24.12.0
754 verbose npm  v11.6.2
755 notice
755 notice New minor version of npm available! 11.6.2 -> 11.9.0
755 notice Changelog: https://github.com/npm/cli/releases/tag/v11.9.0
755 notice To update run: npm install -g npm@11.9.0
755 notice  { force: true, Symbol(proc-log.meta): true }
756 verbose exit 1
757 verbose code 1
